
Tue Jan 27 2015 18:24:38 GMT+0530 (India Standard Time)  ERROR:  ReferenceError: socket is not defined
    at Socket.exports.client (D:\chatnode\server\common\socket.js:20:14)
    at Socket.emit (events.js:98:17)
    at Socket.onevent (D:\chatnode\server\node_modules\socket.io\lib\socket.js:327:8)
    at Socket.onpacket (D:\chatnode\server\node_modules\socket.io\lib\socket.js:287:12)
    at Client.ondecoded (D:\chatnode\server\node_modules\socket.io\lib\client.js:193:14)
    at Decoder.Emitter.emit (D:\chatnode\server\node_modules\socket.io\node_modules\socket.io-parser\node_modules\component-emitter\index.js:134:20)
    at Decoder.add (D:\chatnode\server\node_modules\socket.io\node_modules\socket.io-parser\index.js:247:12)
    at Client.ondata (D:\chatnode\server\node_modules\socket.io\lib\client.js:175:18)
    at Socket.emit (events.js:95:17)
    at Socket.onPacket (D:\chatnode\server\node_modules\socket.io\node_modules\engine.io\lib\socket.js:99:14)
Tue Jan 27 2015 18:25:31 GMT+0530 (India Standard Time)  ERROR:  ReferenceError: data is not defined
    at Object.exports.client (D:\chatnode\server\common\socket.js:21:14)
    at Namespace.disconnectTimer.(anonymous function).result.client.oldAgent (D:\chatnode\server\app.js:73:33)
    at Namespace.emit (events.js:95:17)
    at Namespace.emit (D:\chatnode\server\node_modules\socket.io\lib\namespace.js:205:10)
    at D:\chatnode\server\node_modules\socket.io\lib\namespace.js:172:14
    at process._tickCallback (node.js:419:13)
Tue Jan 27 2015 18:26:08 GMT+0530 (India Standard Time)  ERROR:  TypeError: listener must be a function
    at TypeError (<anonymous>)
    at Socket.addListener (events.js:130:11)
    at Namespace.disconnectTimer.(anonymous function).result.client.oldAgent (D:\chatnode\server\app.js:73:9)
    at Namespace.emit (events.js:95:17)
    at Namespace.emit (D:\chatnode\server\node_modules\socket.io\lib\namespace.js:205:10)
    at D:\chatnode\server\node_modules\socket.io\lib\namespace.js:172:14
    at process._tickCallback (node.js:419:13)
Tue Jan 27 2015 18:28:12 GMT+0530 (India Standard Time)  ERROR:  ReferenceError: data is not defined
    at Namespace.disconnectTimer.(anonymous function).result.client.oldAgent (D:\chatnode\server\app.js:73:48)
    at Namespace.emit (events.js:95:17)
    at Namespace.emit (D:\chatnode\server\node_modules\socket.io\lib\namespace.js:205:10)
    at D:\chatnode\server\node_modules\socket.io\lib\namespace.js:172:14
    at process._tickCallback (node.js:419:13)
Tue Jan 27 2015 18:28:56 GMT+0530 (India Standard Time)  ERROR:  ReferenceError: data is not defined
    at Namespace.disconnectTimer.(anonymous function).result.client.oldAgent (D:\chatnode\server\app.js:73:40)
    at Namespace.emit (events.js:95:17)
    at Namespace.emit (D:\chatnode\server\node_modules\socket.io\lib\namespace.js:205:10)
    at D:\chatnode\server\node_modules\socket.io\lib\namespace.js:172:14
    at process._tickCallback (node.js:419:13)
Tue Jan 27 2015 18:30:39 GMT+0530 (India Standard Time)  ERROR:  ReferenceError: returnResult is not defined
    at Object.exports.client (D:\chatnode\server\common\socket.js:21:13)
    at Socket.<anonymous> (D:\chatnode\server\app.js:73:14)
    at Socket.emit (events.js:98:17)
    at Socket.onevent (D:\chatnode\server\node_modules\socket.io\lib\socket.js:327:8)
    at Socket.onpacket (D:\chatnode\server\node_modules\socket.io\lib\socket.js:287:12)
    at Client.ondecoded (D:\chatnode\server\node_modules\socket.io\lib\client.js:193:14)
    at Decoder.Emitter.emit (D:\chatnode\server\node_modules\socket.io\node_modules\socket.io-parser\node_modules\component-emitter\index.js:134:20)
    at Decoder.add (D:\chatnode\server\node_modules\socket.io\node_modules\socket.io-parser\index.js:247:12)
    at Client.ondata (D:\chatnode\server\node_modules\socket.io\lib\client.js:175:18)
    at Socket.emit (events.js:95:17)
Tue Jan 27 2015 18:33:45 GMT+0530 (India Standard Time)  ERROR:  ReferenceError: createHash is not defined
    at Object.exports.client (D:\chatnode\server\common\socket.js:22:15)
    at Socket.<anonymous> (D:\chatnode\server\app.js:74:14)
    at Socket.emit (events.js:98:17)
    at Socket.onevent (D:\chatnode\server\node_modules\socket.io\lib\socket.js:327:8)
    at Socket.onpacket (D:\chatnode\server\node_modules\socket.io\lib\socket.js:287:12)
    at Client.ondecoded (D:\chatnode\server\node_modules\socket.io\lib\client.js:193:14)
    at Decoder.Emitter.emit (D:\chatnode\server\node_modules\socket.io\node_modules\socket.io-parser\node_modules\component-emitter\index.js:134:20)
    at Decoder.add (D:\chatnode\server\node_modules\socket.io\node_modules\socket.io-parser\index.js:247:12)
    at Client.ondata (D:\chatnode\server\node_modules\socket.io\lib\client.js:175:18)
    at Socket.emit (events.js:95:17)
Tue Jan 27 2015 18:38:06 GMT+0530 (India Standard Time)  ERROR:  ReferenceError: md5 is not defined
    at createHash (D:\chatnode\server\common\socket.js:91:9)
    at Object.exports.client (D:\chatnode\server\common\socket.js:22:15)
    at Socket.<anonymous> (D:\chatnode\server\app.js:74:14)
    at Socket.emit (events.js:98:17)
    at Socket.onevent (D:\chatnode\server\node_modules\socket.io\lib\socket.js:327:8)
    at Socket.onpacket (D:\chatnode\server\node_modules\socket.io\lib\socket.js:287:12)
    at Client.ondecoded (D:\chatnode\server\node_modules\socket.io\lib\client.js:193:14)
    at Decoder.Emitter.emit (D:\chatnode\server\node_modules\socket.io\node_modules\socket.io-parser\node_modules\component-emitter\index.js:134:20)
    at Decoder.add (D:\chatnode\server\node_modules\socket.io\node_modules\socket.io-parser\index.js:247:12)
    at Client.ondata (D:\chatnode\server\node_modules\socket.io\lib\client.js:175:18)
Tue Jan 27 2015 18:38:46 GMT+0530 (India Standard Time)  ERROR:  ReferenceError: commonCtrl is not defined
    at Object.exports.client (D:\chatnode\server\common\socket.js:47:6)
    at Socket.<anonymous> (D:\chatnode\server\app.js:74:14)
    at Socket.emit (events.js:98:17)
    at Socket.onevent (D:\chatnode\server\node_modules\socket.io\lib\socket.js:327:8)
    at Socket.onpacket (D:\chatnode\server\node_modules\socket.io\lib\socket.js:287:12)
    at Client.ondecoded (D:\chatnode\server\node_modules\socket.io\lib\client.js:193:14)
    at Decoder.Emitter.emit (D:\chatnode\server\node_modules\socket.io\node_modules\socket.io-parser\node_modules\component-emitter\index.js:134:20)
    at Decoder.add (D:\chatnode\server\node_modules\socket.io\node_modules\socket.io-parser\index.js:247:12)
    at Client.ondata (D:\chatnode\server\node_modules\socket.io\lib\client.js:175:18)
    at Socket.emit (events.js:95:17)
Tue Jan 27 2015 18:39:32 GMT+0530 (India Standard Time)  ERROR:  ReferenceError: newClient is not defined
    at Object.exports.client (D:\chatnode\server\common\socket.js:88:2)
    at Socket.<anonymous> (D:\chatnode\server\app.js:74:14)
    at Socket.emit (events.js:98:17)
    at Socket.onevent (D:\chatnode\server\node_modules\socket.io\lib\socket.js:327:8)
    at Socket.onpacket (D:\chatnode\server\node_modules\socket.io\lib\socket.js:287:12)
    at Client.ondecoded (D:\chatnode\server\node_modules\socket.io\lib\client.js:193:14)
    at Decoder.Emitter.emit (D:\chatnode\server\node_modules\socket.io\node_modules\socket.io-parser\node_modules\component-emitter\index.js:134:20)
    at Decoder.add (D:\chatnode\server\node_modules\socket.io\node_modules\socket.io-parser\index.js:247:12)
    at Client.ondata (D:\chatnode\server\node_modules\socket.io\lib\client.js:175:18)
    at Socket.emit (events.js:95:17)
Tue Jan 27 2015 19:10:15 GMT+0530 (India Standard Time)  ERROR:  TypeError: Cannot read property 'success' of undefined
    at Object.exports.client (D:\chatnode\server\common\client.js:7:30)
    at Socket.<anonymous> (D:\chatnode\server\app.js:75:16)
    at Socket.emit (events.js:98:17)
    at Socket.onevent (D:\chatnode\server\node_modules\socket.io\lib\socket.js:327:8)
    at Socket.onpacket (D:\chatnode\server\node_modules\socket.io\lib\socket.js:287:12)
    at Client.ondecoded (D:\chatnode\server\node_modules\socket.io\lib\client.js:193:14)
    at Decoder.Emitter.emit (D:\chatnode\server\node_modules\socket.io\node_modules\socket.io-parser\node_modules\component-emitter\index.js:134:20)
    at Decoder.add (D:\chatnode\server\node_modules\socket.io\node_modules\socket.io-parser\index.js:247:12)
    at Client.ondata (D:\chatnode\server\node_modules\socket.io\lib\client.js:175:18)
    at Socket.emit (events.js:95:17)
Tue Jan 27 2015 19:10:51 GMT+0530 (India Standard Time)  ERROR:  ReferenceError: newClient is not defined
    at Object.exports.client (D:\chatnode\server\common\client.js:71:2)
    at Socket.<anonymous> (D:\chatnode\server\app.js:75:16)
    at Socket.emit (events.js:98:17)
    at Socket.onevent (D:\chatnode\server\node_modules\socket.io\lib\socket.js:327:8)
    at Socket.onpacket (D:\chatnode\server\node_modules\socket.io\lib\socket.js:287:12)
    at Client.ondecoded (D:\chatnode\server\node_modules\socket.io\lib\client.js:193:14)
    at Decoder.Emitter.emit (D:\chatnode\server\node_modules\socket.io\node_modules\socket.io-parser\node_modules\component-emitter\index.js:134:20)
    at Decoder.add (D:\chatnode\server\node_modules\socket.io\node_modules\socket.io-parser\index.js:247:12)
    at Client.ondata (D:\chatnode\server\node_modules\socket.io\lib\client.js:175:18)
    at Socket.emit (events.js:95:17)
Tue Jan 27 2015 19:15:54 GMT+0530 (India Standard Time)  ERROR:  ReferenceError: newAgent is not defined
    at Object.exports.agent (D:\chatnode\server\common\agent.js:23:2)
    at Socket.<anonymous> (D:\chatnode\server\app.js:80:15)
    at Socket.emit (events.js:98:17)
    at Socket.onevent (D:\chatnode\server\node_modules\socket.io\lib\socket.js:327:8)
    at Socket.onpacket (D:\chatnode\server\node_modules\socket.io\lib\socket.js:287:12)
    at Client.ondecoded (D:\chatnode\server\node_modules\socket.io\lib\client.js:193:14)
    at Decoder.Emitter.emit (D:\chatnode\server\node_modules\socket.io\node_modules\socket.io-parser\node_modules\component-emitter\index.js:134:20)
    at Decoder.add (D:\chatnode\server\node_modules\socket.io\node_modules\socket.io-parser\index.js:247:12)
    at Client.ondata (D:\chatnode\server\node_modules\socket.io\lib\client.js:175:18)
    at Socket.emit (events.js:95:17)
Tue Jan 27 2015 19:16:58 GMT+0530 (India Standard Time)  ERROR:  ReferenceError: qPosition is not defined
    at Object.exports.client (D:\chatnode\server\common\client.js:40:5)
    at Socket.<anonymous> (D:\chatnode\server\app.js:75:16)
    at Socket.emit (events.js:98:17)
    at Socket.onevent (D:\chatnode\server\node_modules\socket.io\lib\socket.js:327:8)
    at Socket.onpacket (D:\chatnode\server\node_modules\socket.io\lib\socket.js:287:12)
    at Client.ondecoded (D:\chatnode\server\node_modules\socket.io\lib\client.js:193:14)
    at Decoder.Emitter.emit (D:\chatnode\server\node_modules\socket.io\node_modules\socket.io-parser\node_modules\component-emitter\index.js:134:20)
    at Decoder.add (D:\chatnode\server\node_modules\socket.io\node_modules\socket.io-parser\index.js:247:12)
    at Client.ondata (D:\chatnode\server\node_modules\socket.io\lib\client.js:175:18)
    at Socket.emit (events.js:95:17)
Tue Jan 27 2015 19:19:16 GMT+0530 (India Standard Time)  ERROR:  ReferenceError: tDiff is not defined
    at Object.exports.client (D:\chatnode\server\common\client.js:47:28)
    at Socket.<anonymous> (D:\chatnode\server\app.js:75:16)
    at Socket.emit (events.js:98:17)
    at Socket.onevent (D:\chatnode\server\node_modules\socket.io\lib\socket.js:327:8)
    at Socket.onpacket (D:\chatnode\server\node_modules\socket.io\lib\socket.js:287:12)
    at Client.ondecoded (D:\chatnode\server\node_modules\socket.io\lib\client.js:193:14)
    at Decoder.Emitter.emit (D:\chatnode\server\node_modules\socket.io\node_modules\socket.io-parser\node_modules\component-emitter\index.js:134:20)
    at Decoder.add (D:\chatnode\server\node_modules\socket.io\node_modules\socket.io-parser\index.js:247:12)
    at Client.ondata (D:\chatnode\server\node_modules\socket.io\lib\client.js:175:18)
    at Socket.emit (events.js:95:17)
Tue Jan 27 2015 19:21:20 GMT+0530 (India Standard Time)  ERROR:  ReferenceError: moment is not defined
    at Object.exports.tDiff (D:\chatnode\server\common\common.js:56:18)
    at Object.exports.client (D:\chatnode\server\common\client.js:47:39)
    at Socket.<anonymous> (D:\chatnode\server\app.js:75:16)
    at Socket.emit (events.js:98:17)
    at Socket.onevent (D:\chatnode\server\node_modules\socket.io\lib\socket.js:327:8)
    at Socket.onpacket (D:\chatnode\server\node_modules\socket.io\lib\socket.js:287:12)
    at Client.ondecoded (D:\chatnode\server\node_modules\socket.io\lib\client.js:193:14)
    at Decoder.Emitter.emit (D:\chatnode\server\node_modules\socket.io\node_modules\socket.io-parser\node_modules\component-emitter\index.js:134:20)
    at Decoder.add (D:\chatnode\server\node_modules\socket.io\node_modules\socket.io-parser\index.js:247:12)
    at Client.ondata (D:\chatnode\server\node_modules\socket.io\lib\client.js:175:18)
Tue Jan 27 2015 19:22:32 GMT+0530 (India Standard Time)  ERROR:  ReferenceError: qPosition is not defined
    at Socket.<anonymous> (D:\chatnode\server\app.js:109:5)
    at Socket.emit (events.js:98:17)
    at Socket.onevent (D:\chatnode\server\node_modules\socket.io\lib\socket.js:327:8)
    at Socket.onpacket (D:\chatnode\server\node_modules\socket.io\lib\socket.js:287:12)
    at Client.ondecoded (D:\chatnode\server\node_modules\socket.io\lib\client.js:193:14)
    at Decoder.Emitter.emit (D:\chatnode\server\node_modules\socket.io\node_modules\socket.io-parser\node_modules\component-emitter\index.js:134:20)
    at Decoder.add (D:\chatnode\server\node_modules\socket.io\node_modules\socket.io-parser\index.js:247:12)
    at Client.ondata (D:\chatnode\server\node_modules\socket.io\lib\client.js:175:18)
    at Socket.emit (events.js:95:17)
    at Socket.onPacket (D:\chatnode\server\node_modules\socket.io\node_modules\engine.io\lib\socket.js:99:14)
Tue Jan 27 2015 19:37:03 GMT+0530 (India Standard Time)  ERROR:  ReferenceError: io is not defined
    at Object.exports.msg (D:\chatnode\server\common\socket.js:23:6)
    at Socket.<anonymous> (D:\chatnode\server\app.js:134:14)
    at Socket.emit (events.js:98:17)
    at Socket.onevent (D:\chatnode\server\node_modules\socket.io\lib\socket.js:327:8)
    at Socket.onpacket (D:\chatnode\server\node_modules\socket.io\lib\socket.js:287:12)
    at Client.ondecoded (D:\chatnode\server\node_modules\socket.io\lib\client.js:193:14)
    at Decoder.Emitter.emit (D:\chatnode\server\node_modules\socket.io\node_modules\socket.io-parser\node_modules\component-emitter\index.js:134:20)
    at Decoder.add (D:\chatnode\server\node_modules\socket.io\node_modules\socket.io-parser\index.js:247:12)
    at Client.ondata (D:\chatnode\server\node_modules\socket.io\lib\client.js:175:18)
    at Socket.emit (events.js:95:17)
Tue Jan 27 2015 19:38:09 GMT+0530 (India Standard Time)  ERROR:  ReferenceError: conRooms is not defined
    at Object.exports.msg (D:\chatnode\server\common\socket.js:24:17)
    at Socket.<anonymous> (D:\chatnode\server\app.js:134:14)
    at Socket.emit (events.js:98:17)
    at Socket.onevent (D:\chatnode\server\node_modules\socket.io\lib\socket.js:327:8)
    at Socket.onpacket (D:\chatnode\server\node_modules\socket.io\lib\socket.js:287:12)
    at Client.ondecoded (D:\chatnode\server\node_modules\socket.io\lib\client.js:193:14)
    at Decoder.Emitter.emit (D:\chatnode\server\node_modules\socket.io\node_modules\socket.io-parser\node_modules\component-emitter\index.js:134:20)
    at Decoder.add (D:\chatnode\server\node_modules\socket.io\node_modules\socket.io-parser\index.js:247:12)
    at Client.ondata (D:\chatnode\server\node_modules\socket.io\lib\client.js:175:18)
    at Socket.emit (events.js:95:17)
Tue Jan 27 2015 19:40:12 GMT+0530 (India Standard Time)  ERROR:  ReferenceError: qPosition is not defined
    at Socket.exports.disconnect (D:\chatnode\server\common\socket.js:9:3)
    at Socket.emit (events.js:95:17)
    at Socket.emit (D:\chatnode\server\node_modules\socket.io\lib\socket.js:129:10)
    at Socket.onclose (D:\chatnode\server\node_modules\socket.io\lib\socket.js:410:8)
    at Client.onclose (D:\chatnode\server\node_modules\socket.io\lib\client.js:230:12)
    at Socket.emit (events.js:117:20)
    at Socket.onClose (D:\chatnode\server\node_modules\socket.io\node_modules\engine.io\lib\socket.js:248:10)
    at WebSocket.g (events.js:180:16)
    at WebSocket.emit (events.js:92:17)
    at WebSocket.Transport.onClose (D:\chatnode\server\node_modules\socket.io\node_modules\engine.io\lib\transport.js:113:8)
Tue Jan 27 2015 19:44:35 GMT+0530 (India Standard Time)  ERROR:  ReferenceError: newAgent is not defined
    at Socket.<anonymous> (D:\chatnode\server\app.js:96:4)
    at Socket.emit (events.js:98:17)
    at Socket.onevent (D:\chatnode\server\node_modules\socket.io\lib\socket.js:327:8)
    at Socket.onpacket (D:\chatnode\server\node_modules\socket.io\lib\socket.js:287:12)
    at Client.ondecoded (D:\chatnode\server\node_modules\socket.io\lib\client.js:193:14)
    at Decoder.Emitter.emit (D:\chatnode\server\node_modules\socket.io\node_modules\socket.io-parser\node_modules\component-emitter\index.js:134:20)
    at Decoder.add (D:\chatnode\server\node_modules\socket.io\node_modules\socket.io-parser\index.js:247:12)
    at Client.ondata (D:\chatnode\server\node_modules\socket.io\lib\client.js:175:18)
    at Socket.emit (events.js:95:17)
    at Socket.onPacket (D:\chatnode\server\node_modules\socket.io\node_modules\engine.io\lib\socket.js:99:14)
Tue Jan 27 2015 19:47:05 GMT+0530 (India Standard Time)  ERROR:  ReferenceError: qPosition is not defined
    at Socket.exports.disconnect (D:\chatnode\server\common\socket.js:9:3)
    at Socket.emit (events.js:95:17)
    at Socket.emit (D:\chatnode\server\node_modules\socket.io\lib\socket.js:129:10)
    at Socket.onclose (D:\chatnode\server\node_modules\socket.io\lib\socket.js:410:8)
    at Client.onclose (D:\chatnode\server\node_modules\socket.io\lib\client.js:230:12)
    at Socket.emit (events.js:117:20)
    at Socket.onClose (D:\chatnode\server\node_modules\socket.io\node_modules\engine.io\lib\socket.js:248:10)
    at WebSocket.g (events.js:180:16)
    at WebSocket.emit (events.js:92:17)
    at WebSocket.Transport.onClose (D:\chatnode\server\node_modules\socket.io\node_modules\engine.io\lib\transport.js:113:8)
Tue Jan 27 2015 19:53:49 GMT+0530 (India Standard Time)  ERROR:  ReferenceError: conRooms is not defined
    at Object.exports.msg (D:\chatnode\server\common\socket.js:24:17)
    at Socket.<anonymous> (D:\chatnode\server\app.js:134:14)
    at Socket.emit (events.js:98:17)
    at Socket.onevent (D:\chatnode\server\node_modules\socket.io\lib\socket.js:327:8)
    at Socket.onpacket (D:\chatnode\server\node_modules\socket.io\lib\socket.js:287:12)
    at Client.ondecoded (D:\chatnode\server\node_modules\socket.io\lib\client.js:193:14)
    at Decoder.Emitter.emit (D:\chatnode\server\node_modules\socket.io\node_modules\socket.io-parser\node_modules\component-emitter\index.js:134:20)
    at Decoder.add (D:\chatnode\server\node_modules\socket.io\node_modules\socket.io-parser\index.js:247:12)
    at Client.ondata (D:\chatnode\server\node_modules\socket.io\lib\client.js:175:18)
    at Socket.emit (events.js:95:17)
Tue Jan 27 2015 20:01:22 GMT+0530 (India Standard Time)  ERROR:  ReferenceError: conRooms is not defined
    at Object.exports.msg (D:\chatnode\server\common\socket.js:24:17)
    at Socket.<anonymous> (D:\chatnode\server\app.js:134:14)
    at Socket.emit (events.js:98:17)
    at Socket.onevent (D:\chatnode\server\node_modules\socket.io\lib\socket.js:327:8)
    at Socket.onpacket (D:\chatnode\server\node_modules\socket.io\lib\socket.js:287:12)
    at Client.ondecoded (D:\chatnode\server\node_modules\socket.io\lib\client.js:193:14)
    at Decoder.Emitter.emit (D:\chatnode\server\node_modules\socket.io\node_modules\socket.io-parser\node_modules\component-emitter\index.js:134:20)
    at Decoder.add (D:\chatnode\server\node_modules\socket.io\node_modules\socket.io-parser\index.js:247:12)
    at Client.ondata (D:\chatnode\server\node_modules\socket.io\lib\client.js:175:18)
    at Socket.emit (events.js:95:17)
Tue Jan 27 2015 20:27:53 GMT+0530 (India Standard Time)  ERROR:  ReferenceError: newAgent is not defined
    at Socket.<anonymous> (D:\chatnode\server\app.js:96:4)
    at Socket.emit (events.js:98:17)
    at Socket.onevent (D:\chatnode\server\node_modules\socket.io\lib\socket.js:327:8)
    at Socket.onpacket (D:\chatnode\server\node_modules\socket.io\lib\socket.js:287:12)
    at Client.ondecoded (D:\chatnode\server\node_modules\socket.io\lib\client.js:193:14)
    at Decoder.Emitter.emit (D:\chatnode\server\node_modules\socket.io\node_modules\socket.io-parser\node_modules\component-emitter\index.js:134:20)
    at Decoder.add (D:\chatnode\server\node_modules\socket.io\node_modules\socket.io-parser\index.js:247:12)
    at Client.ondata (D:\chatnode\server\node_modules\socket.io\lib\client.js:175:18)
    at Socket.emit (events.js:95:17)
    at Socket.onPacket (D:\chatnode\server\node_modules\socket.io\node_modules\engine.io\lib\socket.js:99:14)
Tue Jan 27 2015 20:43:56 GMT+0530 (India Standard Time)  ERROR:  ReferenceError: conRooms is not defined
    at Object.exports.transferAgent (D:\chatnode\server\common\agent.js:133:15)
    at Socket.<anonymous> (D:\chatnode\server\app.js:74:15)
    at Socket.emit (events.js:98:17)
    at Socket.onevent (D:\chatnode\server\node_modules\socket.io\lib\socket.js:327:8)
    at Socket.onpacket (D:\chatnode\server\node_modules\socket.io\lib\socket.js:287:12)
    at Client.ondecoded (D:\chatnode\server\node_modules\socket.io\lib\client.js:193:14)
    at Decoder.Emitter.emit (D:\chatnode\server\node_modules\socket.io\node_modules\socket.io-parser\node_modules\component-emitter\index.js:134:20)
    at Decoder.add (D:\chatnode\server\node_modules\socket.io\node_modules\socket.io-parser\index.js:247:12)
    at Client.ondata (D:\chatnode\server\node_modules\socket.io\lib\client.js:175:18)
    at Socket.emit (events.js:95:17)
Tue Jan 27 2015 21:03:00 GMT+0530 (India Standard Time)  ERROR:  ReferenceError: callback is not defined
    at Socket.<anonymous> (D:\chatnode\server\app.js:64:41)
    at Socket.emit (events.js:95:17)
    at Socket.onevent (D:\chatnode\server\node_modules\socket.io\lib\socket.js:327:8)
    at Socket.onpacket (D:\chatnode\server\node_modules\socket.io\lib\socket.js:287:12)
    at Client.ondecoded (D:\chatnode\server\node_modules\socket.io\lib\client.js:193:14)
    at Decoder.Emitter.emit (D:\chatnode\server\node_modules\socket.io\node_modules\socket.io-parser\node_modules\component-emitter\index.js:134:20)
    at Decoder.add (D:\chatnode\server\node_modules\socket.io\node_modules\socket.io-parser\index.js:247:12)
    at Client.ondata (D:\chatnode\server\node_modules\socket.io\lib\client.js:175:18)
    at Socket.emit (events.js:95:17)
    at Socket.onPacket (D:\chatnode\server\node_modules\socket.io\node_modules\engine.io\lib\socket.js:99:14)
Tue Jan 27 2015 21:29:48 GMT+0530 (India Standard Time)  ERROR:  ReferenceError: agentData is not defined
    at reConnect (D:\chatnode\server\common\agent.js:137:34)
    at Object.exports.agent (D:\chatnode\server\common\agent.js:57:4)
    at Socket.<anonymous> (D:\chatnode\server\app.js:54:15)
    at Socket.emit (events.js:98:17)
    at Socket.onevent (D:\chatnode\server\node_modules\socket.io\lib\socket.js:327:8)
    at Socket.onpacket (D:\chatnode\server\node_modules\socket.io\lib\socket.js:287:12)
    at Client.ondecoded (D:\chatnode\server\node_modules\socket.io\lib\client.js:193:14)
    at Decoder.Emitter.emit (D:\chatnode\server\node_modules\socket.io\node_modules\socket.io-parser\node_modules\component-emitter\index.js:134:20)
    at Decoder.add (D:\chatnode\server\node_modules\socket.io\node_modules\socket.io-parser\index.js:247:12)
    at Client.ondata (D:\chatnode\server\node_modules\socket.io\lib\client.js:175:18)
Tue Jan 27 2015 21:33:23 GMT+0530 (India Standard Time)  ERROR:  ReferenceError: qPosition is not defined
    at reConnect (D:\chatnode\server\common\agent.js:147:4)
    at Object.exports.agent_status (D:\chatnode\server\common\agent.js:82:4)
    at Socket.<anonymous> (D:\chatnode\server\app.js:59:15)
    at Socket.emit (events.js:98:17)
    at Socket.onevent (D:\chatnode\server\node_modules\socket.io\lib\socket.js:327:8)
    at Socket.onpacket (D:\chatnode\server\node_modules\socket.io\lib\socket.js:287:12)
    at Client.ondecoded (D:\chatnode\server\node_modules\socket.io\lib\client.js:193:14)
    at Decoder.Emitter.emit (D:\chatnode\server\node_modules\socket.io\node_modules\socket.io-parser\node_modules\component-emitter\index.js:134:20)
    at Decoder.add (D:\chatnode\server\node_modules\socket.io\node_modules\socket.io-parser\index.js:247:12)
    at Client.ondata (D:\chatnode\server\node_modules\socket.io\lib\client.js:175:18)
Tue Jan 27 2015 21:36:14 GMT+0530 (India Standard Time)  ERROR:  ReferenceError: assignAgent is not defined
    at reConnect (D:\chatnode\server\common\agent.js:151:46)
    at Object.exports.agent_status (D:\chatnode\server\common\agent.js:82:4)
    at Socket.<anonymous> (D:\chatnode\server\app.js:59:15)
    at Socket.emit (events.js:98:17)
    at Socket.onevent (D:\chatnode\server\node_modules\socket.io\lib\socket.js:327:8)
    at Socket.onpacket (D:\chatnode\server\node_modules\socket.io\lib\socket.js:287:12)
    at Client.ondecoded (D:\chatnode\server\node_modules\socket.io\lib\client.js:193:14)
    at Decoder.Emitter.emit (D:\chatnode\server\node_modules\socket.io\node_modules\socket.io-parser\node_modules\component-emitter\index.js:134:20)
    at Decoder.add (D:\chatnode\server\node_modules\socket.io\node_modules\socket.io-parser\index.js:247:12)
    at Client.ondata (D:\chatnode\server\node_modules\socket.io\lib\client.js:175:18)
Tue Jan 27 2015 21:40:06 GMT+0530 (India Standard Time)  ERROR:  ReferenceError: tDiff is not defined
    at reConnect (D:\chatnode\server\common\agent.js:152:195)
    at Object.exports.agent_status (D:\chatnode\server\common\agent.js:82:4)
    at Socket.<anonymous> (D:\chatnode\server\app.js:59:15)
    at Socket.emit (events.js:98:17)
    at Socket.onevent (D:\chatnode\server\node_modules\socket.io\lib\socket.js:327:8)
    at Socket.onpacket (D:\chatnode\server\node_modules\socket.io\lib\socket.js:287:12)
    at Client.ondecoded (D:\chatnode\server\node_modules\socket.io\lib\client.js:193:14)
    at Decoder.Emitter.emit (D:\chatnode\server\node_modules\socket.io\node_modules\socket.io-parser\node_modules\component-emitter\index.js:134:20)
    at Decoder.add (D:\chatnode\server\node_modules\socket.io\node_modules\socket.io-parser\index.js:247:12)
    at Client.ondata (D:\chatnode\server\node_modules\socket.io\lib\client.js:175:18)
Wed Jan 28 2015 14:49:50 GMT+0530 (India Standard Time)  ERROR:  ReferenceError: socket is not defined
    at qPosition (D:\chatnode\server\common\socket.js:88:2)
    at Object.exports.qPosition (D:\chatnode\server\common\socket.js:75:2)
    at Object.exports.client (D:\chatnode\server\common\client.js:41:16)
    at Socket.<anonymous> (D:\chatnode\server\app.js:49:16)
    at Socket.emit (events.js:98:17)
    at Socket.onevent (D:\chatnode\server\node_modules\socket.io\lib\socket.js:327:8)
    at Socket.onpacket (D:\chatnode\server\node_modules\socket.io\lib\socket.js:287:12)
    at Client.ondecoded (D:\chatnode\server\node_modules\socket.io\lib\client.js:193:14)
    at Decoder.Emitter.emit (D:\chatnode\server\node_modules\socket.io\node_modules\socket.io-parser\node_modules\component-emitter\index.js:134:20)
    at Decoder.add (D:\chatnode\server\node_modules\socket.io\node_modules\socket.io-parser\index.js:247:12)
Wed Jan 28 2015 16:52:44 GMT+0530 (India Standard Time)  ERROR:  TypeError: listener must be a function
    at TypeError (<anonymous>)
    at Socket.addListener (events.js:130:11)
    at Namespace.<anonymous> (D:\chatnode\server\app.js:45:12)
    at Namespace.emit (events.js:95:17)
    at Namespace.emit (D:\chatnode\server\node_modules\socket.io\lib\namespace.js:205:10)
    at D:\chatnode\server\node_modules\socket.io\lib\namespace.js:172:14
    at process._tickCallback (node.js:419:13)
Wed Jan 28 2015 16:52:44 GMT+0530 (India Standard Time)  ERROR:  TypeError: listener must be a function
    at TypeError (<anonymous>)
    at Socket.addListener (events.js:130:11)
    at Namespace.<anonymous> (D:\chatnode\server\app.js:45:12)
    at Namespace.emit (events.js:95:17)
    at Namespace.emit (D:\chatnode\server\node_modules\socket.io\lib\namespace.js:205:10)
    at D:\chatnode\server\node_modules\socket.io\lib\namespace.js:172:14
    at process._tickCallback (node.js:419:13)
Wed Jan 28 2015 18:07:16 GMT+0530 (India Standard Time)  ERROR:  ReferenceError: tDiff is not defined
    at Object.exports.transferAgent (D:\chatnode\server\common\socket.js:65:188)
    at reConnect (D:\chatnode\server\common\agent.js:148:27)
    at Object.exports.agent (D:\chatnode\server\common\agent.js:61:20)
    at Socket.<anonymous> (D:\chatnode\server\app.js:56:15)
    at Socket.emit (events.js:98:17)
    at Socket.onevent (D:\chatnode\server\node_modules\socket.io\lib\socket.js:327:8)
    at Socket.onpacket (D:\chatnode\server\node_modules\socket.io\lib\socket.js:287:12)
    at Client.ondecoded (D:\chatnode\server\node_modules\socket.io\lib\client.js:193:14)
    at Decoder.Emitter.emit (D:\chatnode\server\node_modules\socket.io\node_modules\socket.io-parser\node_modules\component-emitter\index.js:134:20)
    at Decoder.add (D:\chatnode\server\node_modules\socket.io\node_modules\socket.io-parser\index.js:247:12)
Mon Feb 02 2015 15:26:09 GMT+0530 (India Standard Time)  ERROR:  TypeError: Cannot read property 'agentId' of undefined
    at reConnect (D:\chatnode\server\common\agent.js:158:60)
    at Object.exports.agent_status (D:\chatnode\server\common\agent.js:95:4)
    at Socket.<anonymous> (D:\chatnode\server\app.js:64:15)
    at Socket.emit (events.js:98:17)
    at Socket.onevent (D:\chatnode\server\node_modules\socket.io\lib\socket.js:327:8)
    at Socket.onpacket (D:\chatnode\server\node_modules\socket.io\lib\socket.js:287:12)
    at Client.ondecoded (D:\chatnode\server\node_modules\socket.io\lib\client.js:193:14)
    at Decoder.Emitter.emit (D:\chatnode\server\node_modules\socket.io\node_modules\socket.io-parser\node_modules\component-emitter\index.js:134:20)
    at Decoder.add (D:\chatnode\server\node_modules\socket.io\node_modules\socket.io-parser\index.js:247:12)
    at Client.ondata (D:\chatnode\server\node_modules\socket.io\lib\client.js:175:18)
Mon Feb 02 2015 16:47:49 GMT+0530 (India Standard Time)  ERROR:  TypeError: Cannot call method 'hasOwnProperty' of undefined
    at conRooms (D:\chatnode\server\common\socket.js:105:22)
    at Object.exports.conRooms (D:\chatnode\server\common\socket.js:83:9)
    at Object.exports.agent (D:\chatnode\server\common\agent.js:35:30)
    at Socket.<anonymous> (D:\chatnode\server\app.js:59:15)
    at Socket.emit (events.js:98:17)
    at Socket.onevent (D:\chatnode\server\node_modules\socket.io\lib\socket.js:327:8)
    at Socket.onpacket (D:\chatnode\server\node_modules\socket.io\lib\socket.js:287:12)
    at Client.ondecoded (D:\chatnode\server\node_modules\socket.io\lib\client.js:193:14)
    at Decoder.Emitter.emit (D:\chatnode\server\node_modules\socket.io\node_modules\socket.io-parser\node_modules\component-emitter\index.js:134:20)
    at Decoder.add (D:\chatnode\server\node_modules\socket.io\node_modules\socket.io-parser\index.js:247:12)
Mon Feb 02 2015 17:07:52 GMT+0530 (India Standard Time)  ERROR:  TypeError: Object #<Object> has no method 'remove'
    at null._onTimeout (D:\chatnode\server\common\agent.js:185:19)
    at Timer.listOnTimeout [as ontimeout] (timers.js:112:15)
Tue Feb 03 2015 16:14:42 GMT+0530 (India Standard Time)  ERROR:  ReferenceError: $ is not defined
    at deleteAgent (D:\chatnode\server\common\agent.js:230:2)
    at transferRoom (D:\chatnode\server\common\agent.js:204:15)
    at Object.exports.transferAgent (D:\chatnode\server\common\agent.js:140:16)
    at Socket.<anonymous> (D:\chatnode\server\app.js:79:15)
    at Socket.emit (events.js:98:17)
    at Socket.onevent (D:\chatnode\server\node_modules\socket.io\lib\socket.js:327:8)
    at Socket.onpacket (D:\chatnode\server\node_modules\socket.io\lib\socket.js:287:12)
    at Client.ondecoded (D:\chatnode\server\node_modules\socket.io\lib\client.js:193:14)
    at Decoder.Emitter.emit (D:\chatnode\server\node_modules\socket.io\node_modules\socket.io-parser\node_modules\component-emitter\index.js:134:20)
    at Decoder.add (D:\chatnode\server\node_modules\socket.io\node_modules\socket.io-parser\index.js:247:12)
Tue Feb 03 2015 16:20:19 GMT+0530 (India Standard Time)  ERROR:  TypeError: Converting circular structure to JSON
    at Object.stringify (native)
    at Object.exports.agent (D:\chatnode\server\common\agent.js:50:13)
    at Socket.<anonymous> (D:\chatnode\server\app.js:59:15)
    at Socket.emit (events.js:98:17)
    at Socket.onevent (D:\chatnode\server\node_modules\socket.io\lib\socket.js:327:8)
    at Socket.onpacket (D:\chatnode\server\node_modules\socket.io\lib\socket.js:287:12)
    at Client.ondecoded (D:\chatnode\server\node_modules\socket.io\lib\client.js:193:14)
    at Decoder.Emitter.emit (D:\chatnode\server\node_modules\socket.io\node_modules\socket.io-parser\node_modules\component-emitter\index.js:134:20)
    at Decoder.add (D:\chatnode\server\node_modules\socket.io\node_modules\socket.io-parser\index.js:247:12)
    at Client.ondata (D:\chatnode\server\node_modules\socket.io\lib\client.js:175:18)
Tue Feb 03 2015 16:25:04 GMT+0530 (India Standard Time)  ERROR:  TypeError: Converting circular structure to JSON
    at Object.stringify (native)
    at Object.exports.agent (D:\chatnode\server\common\agent.js:51:13)
    at Socket.<anonymous> (D:\chatnode\server\app.js:59:15)
    at Socket.emit (events.js:98:17)
    at Socket.onevent (D:\chatnode\server\node_modules\socket.io\lib\socket.js:327:8)
    at Socket.onpacket (D:\chatnode\server\node_modules\socket.io\lib\socket.js:287:12)
    at Client.ondecoded (D:\chatnode\server\node_modules\socket.io\lib\client.js:193:14)
    at Decoder.Emitter.emit (D:\chatnode\server\node_modules\socket.io\node_modules\socket.io-parser\node_modules\component-emitter\index.js:134:20)
    at Decoder.add (D:\chatnode\server\node_modules\socket.io\node_modules\socket.io-parser\index.js:247:12)
    at Client.ondata (D:\chatnode\server\node_modules\socket.io\lib\client.js:175:18)
Tue Feb 03 2015 17:26:03 GMT+0530 (India Standard Time)  ERROR:  TypeError: Object agent1234 has no method 'forEach'
    at deleteAgent (D:\chatnode\server\common\agent.js:234:7)
    at transferRoom (D:\chatnode\server\common\agent.js:209:15)
    at null._onTimeout (D:\chatnode\server\common\agent.js:195:21)
    at Timer.listOnTimeout [as ontimeout] (timers.js:112:15)
Tue Feb 03 2015 19:42:43 GMT+0530 (India Standard Time)  ERROR:  TypeError: Cannot set property '2f61ac28e22d2b7ac846383114e9ab80' of undefined
    at reConnect (D:\chatnode\server\common\agent.js:173:37)
    at Object.exports.agent_status (D:\chatnode\server\common\agent.js:97:4)
    at Socket.<anonymous> (D:\chatnode\server\app.js:64:15)
    at Socket.emit (events.js:98:17)
    at Socket.onevent (D:\chatnode\server\node_modules\socket.io\lib\socket.js:327:8)
    at Socket.onpacket (D:\chatnode\server\node_modules\socket.io\lib\socket.js:287:12)
    at Client.ondecoded (D:\chatnode\server\node_modules\socket.io\lib\client.js:193:14)
    at Decoder.Emitter.emit (D:\chatnode\server\node_modules\socket.io\node_modules\socket.io-parser\node_modules\component-emitter\index.js:134:20)
    at Decoder.add (D:\chatnode\server\node_modules\socket.io\node_modules\socket.io-parser\index.js:247:12)
    at Client.ondata (D:\chatnode\server\node_modules\socket.io\lib\client.js:175:18)